-------------------------------------------------------------------------------
Test set: com.javatechie.group.JavatechieGroupServiceApplicationTests
-------------------------------------------------------------------------------
Tests run: 1, Failures: 0, Errors: 1, Skipped: 0, Time elapsed: 0.313 s <<< FAILURE! - in com.javatechie.group.JavatechieGroupServiceApplicationTests
com.javatechie.group.JavatechieGroupServiceApplicationTests  Time elapsed: 0.311 s  <<< ERROR!
java.lang.IllegalStateException: Unable to find a @SpringBootConfiguration, you need to use @ContextConfiguration or @SpringBootTest(classes=...) with your test

